<?xml version="1.0" encoding="UTF-8"?>
<testsuite xmlns:xsi="http://www.w3.org/2001/XMLSchema-instance" xsi:noNamespaceSchemaLocation="https://maven.apache.org/surefire/maven-surefire-plugin/xsd/surefire-test-report.xsd" name="TestSuite" time="127.847" tests="14" errors="0" skipped="0" failures="0">
  <properties>
[...]
</properties>
  <testcase name="verifyRegisteringAnAccountWithMandatoryFields" classname="com.tutorialsninja.qa.testcases.Register" time="1.685"/>
  <testcase name="verifyRegisteringAnAccountByProvidingAllFields" classname="com.tutorialsninja.qa.testcases.Register" time="1.684"/>
  <testcase name="verifyRegisteringAnAccountWithExistingEmailAddress" classname="com.tutorialsninja.qa.testcases.Register" time="1.404"/>
  <testcase name="verifyRegisteringAnAccountWithoutFillingAnyDetails" classname="com.tutorialsninja.qa.testcases.Register" time="0.845"/>
  <testcase name="verifyLoginWithValidCredentials" classname="com.tutorialsninja.qa.testcases.Login" time="1"/>
  <testcase name="verifyLoginWithValidCredentials" classname="com.tutorialsninja.qa.testcases.Login" time="1.832"/>
  <testcase name="verifyLoginWithValidCredentials" classname="com.tutorialsninja.qa.testcases.Login" time="0.977"/>
  <testcase name="verifyLoginWithInvalidCredentials" classname="com.tutorialsninja.qa.testcases.Login" time="0.773"/>
  <testcase name="verifyLoginWithInvalidEmailAndValidPassword" classname="com.tutorialsninja.qa.testcases.Login" time="0.748"/>
  <testcase name="verifyLoginWithValidEmailAndInvalidPassword" classname="com.tutorialsninja.qa.testcases.Login" time="0.719"/>
  <testcase name="verifyLoginWithoutProvidingCredentials" classname="com.tutorialsninja.qa.testcases.Login" time="0.644"/>
  <testcase name="verifySearchWithValidProduct" classname="com.tutorialsninja.qa.testcases.Search" time="0.79"/>
  <testcase name="verifySearchWithInvalidProduct" classname="com.tutorialsninja.qa.testcases.Search" time="1.115"/>
  <testcase name="verifySearchWithoutProvidingProductName" classname="com.tutorialsninja.qa.testcases.Search" time="0.506"/>
</testsuite>